# configure exec: /Users/alexefanov/Desktop/Чат/backend-chat/chat_news/target/debug/build/rdkafka-sys-a8b4c8a2b218cc1e/out/configure --disable-ssl --disable-gssapi --disable-curl --disable-zstd --disable-lz4-ext
# On Wed Dec  3 22:24:46 MSK 2025
DBG 78384: Setting distro (distro) status to ok (action ignore)
DBG 78384: ccenv: WITH_CC:  --version failed: mklove/modules/configure.base: line 1824: --version: command not found
DBG 78384: Setting ccenv (ccenv) status to failed (action cont)
DBG 78384: Check ccenv (WITH_CC, action cont (originally cont)) failed: command ' --version' failed:
mklove/modules/configure.base: line 1824: --version: command not found
DBG 78384: Setting gcc (gcc) status to ok (action cont)
DBG 78384: cxxenv: WITH_CXX:  --version failed: mklove/modules/configure.base: line 1824: --version: command not found
DBG 78384: Setting cxxenv (cxxenv) status to failed (action cont)
DBG 78384: Check cxxenv (WITH_CXX, action cont (originally cont)) failed: command ' --version' failed:
mklove/modules/configure.base: line 1824: --version: command not found
DBG 78384: Setting gxx (gxx) status to ok (action cont)
DBG 78384: Setting ld (ld) status to ok (action disable)
DBG 78384: Setting nm (nm) status to ok (action disable)
DBG 78384: Setting objdump (objdump) status to ok (action disable)
DBG 78384: Setting strip (strip) status to ok (action disable)
DBG 78384: Setting libtool (libtool) status to ok (action disable)
DBG 78384: Setting ranlib (ranlib) status to ok (action disable)
DBG 78384: Compile check cc_g_dwarf () (sub=0): gcc   -Wall -Werror _mkltmpv2Q6Ji.c -o _mkltmpv2Q6Ji.c.o   -gstrict-dwarf 
DBG 78384: Setting cc_g_dwarf (cc_g_dwarf) status to ok (action cont)
DBG 78384: pkgconfig: WITH_PKGCONFIG: pkg-config --version failed: mklove/modules/configure.base: line 1824: pkg-config: command not found
DBG 78384: Setting pkgconfig (pkgconfig) status to failed (action cont)
DBG 78384: Check pkgconfig (WITH_PKGCONFIG, action cont (originally cont)) failed: command 'pkg-config --version' failed:
mklove/modules/configure.base: line 1824: pkg-config: command not found
DBG 78384: install: WITH_INSTALL: /usr/bin/install --version failed: /usr/bin/install: illegal option -- -
usage: install [-bCcpSsUv] [-f flags] [-g group] [-m mode] [-o owner]
               [-M log] [-D dest] [-h hash] [-T tags]
               [-B suffix] [-l linkflags] [-N dbdir]
               file1 file2
       install [-bCcpSsUv] [-f flags] [-g group] [-m mode] [-o owner]
               [-M log] [-D dest] [-h hash] [-T tags]
               [-B suffix] [-l linkflags] [-N dbdir]
               file1 ... fileN directory
       install -dU [-vU] [-g group] [-m mode] [-N dbdir] [-o owner]
               [-M log] [-D dest] [-h hash] [-T tags]
               directory ...
DBG 78384: Setting install (install) status to failed (action cont)
DBG 78384: Check install (WITH_INSTALL, action cont (originally cont)) failed: command '/usr/bin/install --version' failed:
/usr/bin/install: illegal option -- -
usage: install [-bCcpSsUv] [-f flags] [-g group] [-m mode] [-o owner]
               [-M log] [-D dest] [-h hash] [-T tags]
               [-B suffix] [-l linkflags] [-N dbdir]
               file1 file2
       install [-bCcpSsUv] [-f flags] [-g group] [-m mode] [-o owner]
               [-M log] [-D dest] [-h hash] [-T tags]
               [-B suffix] [-l linkflags] [-N dbdir]
               file1 ... fileN directory
       install -dU [-vU] [-g group] [-m mode] [-N dbdir] [-o owner]
               [-M log] [-D dest] [-h hash] [-T tags]
               directory ...
DBG 78384: gnuar: HAS_GNU_AR: ar -V 2>/dev/null | grep -q GNU failed: ar: one of options -dmpqrtsx is required
usage:  ar -d [-TLsv] archive file ...
	ar -m [-TLsv] archive file ...
	ar -m [-abiTLsv] position archive file ...
	ar -p [-TLsv] archive [file ...]
	ar -q [-cTLsv] archive file ...
	ar -r [-cuTLsv] archive file ...
	ar -r [-abciuTLsv] position archive file ...
	ar -t [-TLsv] archive [file ...]
	ar -x [-ouTLsv] archive [file ...]
DBG 78384: Setting gnuar (gnuar) status to failed (action disable)
DBG 78384: Check gnuar (HAS_GNU_AR, action disable (originally disable)) failed: command 'ar -V 2>/dev/null | grep -q GNU' failed:
ar: one of options -dmpqrtsx is required
usage:  ar -d [-TLsv] archive file ...
	ar -m [-TLsv] archive file ...
	ar -m [-abiTLsv] position archive file ...
	ar -p [-TLsv] archive [file ...]
	ar -q [-cTLsv] archive file ...
	ar -r [-cuTLsv] archive file ...
	ar -r [-abciuTLsv] position archive file ...
	ar -t [-TLsv] archive [file ...]
	ar -x [-ouTLsv] archive [file ...]
DBG 78384: Compile check PIC (HAVE_PIC) (sub=0): gcc  -gstrict-dwarf -O2 -Wall -Werror _mkltmpbNvPoj.c -o _mkltmpbNvPoj.c.o   -fPIC 
DBG 78384: Setting PIC (PIC) status to ok (action disable)
DBG 78384: Compile check gnulib (WITH_GNULD) (sub=0): gcc  -gstrict-dwarf -O2 -fPIC -Wall -Werror _mkltmpwnQJ2p.c -o _mkltmpwnQJ2p.c.o   -shared -Wl,-soname,mkltest.0 
DBG 78384: compile check for gnulib (WITH_GNULD) failed: gcc  -gstrict-dwarf -O2 -fPIC -Wall -Werror _mkltmpwnQJ2p.c -o _mkltmpwnQJ2p.c.o   -shared -Wl,-soname,mkltest.0 : ld: unknown options: -soname 
clang: error: linker command failed with exit code 1 (use -v to see invocation)
DBG 78384: Setting gnulib (gnulib) status to failed (action cont)
DBG 78384: Check gnulib (WITH_GNULD, action cont (originally cont)) failed: compile check failed:
CC: CC
flags: -shared -Wl,-soname,mkltest.0
gcc  -gstrict-dwarf -O2 -fPIC -Wall -Werror _mkltmpwnQJ2p.c -o _mkltmpwnQJ2p.c.o   -shared -Wl,-soname,mkltest.0 :
ld: unknown options: -soname 
clang: error: linker command failed with exit code 1 (use -v to see invocation)
source: 
DBG 78384: Compile check osxlib (WITH_OSXLD) (sub=0): gcc  -gstrict-dwarf -O2 -fPIC -Wall -Werror _mkltmpFoI5aF.c -o _mkltmpFoI5aF.c.o   -dynamiclib -Wl,-install_name,/tmp/mkltest.so.0 
DBG 78384: Setting osxlib (osxlib) status to ok (action cont)
DBG 78384: Compile check ldsflagvs () (sub=0): gcc  -gstrict-dwarf -O2 -fPIC -Wall -Werror _mkltmps6Qcdt.c -o _mkltmps6Qcdt.c.o   -shared -Wl,--version-script=_mkltmpmjkYm8 
DBG 78384: compile check for ldsflagvs () failed: gcc  -gstrict-dwarf -O2 -fPIC -Wall -Werror _mkltmps6Qcdt.c -o _mkltmps6Qcdt.c.o   -shared -Wl,--version-script=_mkltmpmjkYm8 : ld: unknown options: --version-script=_mkltmpmjkYm8 
clang: error: linker command failed with exit code 1 (use -v to see invocation)
DBG 78384: Setting ldsflagvs (ldsflagvs) status to failed (action cont)
DBG 78384: Check ldsflagvs (, action cont (originally cont)) failed: compile check failed:
CC: CC
flags: -shared -Wl,--version-script=_mkltmpmjkYm8
gcc  -gstrict-dwarf -O2 -fPIC -Wall -Werror _mkltmps6Qcdt.c -o _mkltmps6Qcdt.c.o   -shared -Wl,--version-script=_mkltmpmjkYm8 :
ld: unknown options: --version-script=_mkltmpmjkYm8 
clang: error: linker command failed with exit code 1 (use -v to see invocation)
source: 
DBG 78384: Compile check ldsflagm () (sub=0): gcc  -gstrict-dwarf -O2 -fPIC -Wall -Werror _mkltmpISDn8M.c -o _mkltmpISDn8M.c.o   -shared -Wl,-M_mkltmpmjkYm8 
DBG 78384: compile check for ldsflagm () failed: gcc  -gstrict-dwarf -O2 -fPIC -Wall -Werror _mkltmpISDn8M.c -o _mkltmpISDn8M.c.o   -shared -Wl,-M_mkltmpmjkYm8 : ld: unknown options: -M_mkltmpmjkYm8 
clang: error: linker command failed with exit code 1 (use -v to see invocation)
DBG 78384: Setting ldsflagm (ldsflagm) status to failed (action ignore)
DBG 78384: Check ldsflagm (, action ignore (originally ignore)) failed: compile check failed:
CC: CC
flags: -shared -Wl,-M_mkltmpmjkYm8
gcc  -gstrict-dwarf -O2 -fPIC -Wall -Werror _mkltmpISDn8M.c -o _mkltmpISDn8M.c.o   -shared -Wl,-M_mkltmpmjkYm8 :
ld: unknown options: -M_mkltmpmjkYm8 
clang: error: linker command failed with exit code 1 (use -v to see invocation)
source: 
DBG 78384: Compile check __atomic_32 (HAVE_ATOMICS_32) (sub=0): gcc  -gstrict-dwarf -O2 -fPIC -Wall -Werror _mkltmpsCU7en.c -o _mkltmpsCU7en.c.o    
DBG 78384: Setting __atomic_32 (__atomic_32) status to ok (action cont)
DBG 78384: Compile check __atomic_64 (HAVE_ATOMICS_64) (sub=0): gcc  -gstrict-dwarf -O2 -fPIC -Wall -Werror _mkltmp339v40.c -o _mkltmp339v40.c.o    
DBG 78384: Setting __atomic_64 (__atomic_64) status to ok (action cont)
DBG 78384: Compile check socket () (sub=0): gcc  -gstrict-dwarf -O2 -fPIC -Wall -Wsign-compare -Wfloat-equal -Wpointer-arith -Wcast-align -Wall -Werror _mkltmp1DyLuD.c -o _mkltmp1DyLuD.c.o    
DBG 78384: Setting socket (socket) status to ok (action cont)
DBG 78384: Setting parseversion (parseversion) status to ok (action cont)
DBG 78384: librt: Check for static library (libs -lrt, arfile variable STATIC_LIB_librt=, static filenames )
DBG 78384: Compile check librt () (sub=0): gcc  -gstrict-dwarf -O2 -fPIC -Wall -Wsign-compare -Wfloat-equal -Wpointer-arith -Wcast-align -Wall -Werror _mkltmpckd01m.c -o _mkltmpckd01m.c.o   -lrt 
DBG 78384: compile check for librt () failed: gcc  -gstrict-dwarf -O2 -fPIC -Wall -Wsign-compare -Wfloat-equal -Wpointer-arith -Wcast-align -Wall -Werror _mkltmpckd01m.c -o _mkltmpckd01m.c.o   -lrt : ld: library 'rt' not found
clang: error: linker command failed with exit code 1 (use -v to see invocation)
DBG 78384: Setting librt (librt) status to failed (action cont)
DBG 78384: Check librt (, action cont (originally cont)) failed: compile check failed:
CC: CC
flags: -lrt
gcc  -gstrict-dwarf -O2 -fPIC -Wall -Wsign-compare -Wfloat-equal -Wpointer-arith -Wcast-align -Wall -Werror _mkltmpckd01m.c -o _mkltmpckd01m.c.o   -lrt :
ld: library 'rt' not found
clang: error: linker command failed with exit code 1 (use -v to see invocation)
source: 
DBG 78384: libpthread: Check for static library (libs -lpthread, arfile variable STATIC_LIB_libpthread=, static filenames )
DBG 78384: Compile check libpthread () (sub=0): gcc  -gstrict-dwarf -O2 -fPIC -Wall -Wsign-compare -Wfloat-equal -Wpointer-arith -Wcast-align -Wall -Werror _mkltmpCqOdpD.c -o _mkltmpCqOdpD.c.o   -lpthread 
DBG 78384: Setting libpthread (libpthread) status to ok (action fail)
DBG 78384: libpthread: from lib_check: LIBS: prepend -lpthread
DBG 78384: c11threads: Check for static library (libs -lpthread, arfile variable STATIC_LIB_c11threads=, static filenames )
DBG 78384: Compile check c11threads (WITH_C11THREADS) (sub=0): gcc  -gstrict-dwarf -O2 -fPIC -Wall -Wsign-compare -Wfloat-equal -Wpointer-arith -Wcast-align -Wall -Werror _mkltmpm8lazQ.c -o _mkltmpm8lazQ.c.o   -lpthread -lpthread
DBG 78384: compile check for c11threads (WITH_C11THREADS) failed: gcc  -gstrict-dwarf -O2 -fPIC -Wall -Wsign-compare -Wfloat-equal -Wpointer-arith -Wcast-align -Wall -Werror _mkltmpm8lazQ.c -o _mkltmpm8lazQ.c.o   -lpthread -lpthread: _mkltmpm8lazQ.c:2:10: fatal error: 'threads.h' file not found
    2 | #include <threads.h>
      |          ^~~~~~~~~~~
1 error generated.
DBG 78384: Setting c11threads (c11threads) status to failed (action disable)
DBG 78384: Check c11threads (WITH_C11THREADS, action disable (originally disable)) failed: compile check failed:
CC: CC
flags: -lpthread
gcc  -gstrict-dwarf -O2 -fPIC -Wall -Wsign-compare -Wfloat-equal -Wpointer-arith -Wcast-align -Wall -Werror _mkltmpm8lazQ.c -o _mkltmpm8lazQ.c.o   -lpthread -lpthread:
_mkltmpm8lazQ.c:2:10: fatal error: 'threads.h' file not found
    2 | #include <threads.h>
      |          ^~~~~~~~~~~
1 error generated.
source: 
#include <threads.h>


static int start_func (void *arg) {
   int iarg = *(int *)arg;
   return iarg;
}

void foo (void) {
    thrd_t thr;
    int arg = 1;
    if (thrd_create(&thr, start_func, (void *)&arg) != thrd_success) {
      ;
    }
}

DBG 78384: libdl: Check for static library (libs -ldl, arfile variable STATIC_LIB_libdl=, static filenames )
DBG 78384: Compile check libdl (WITH_LIBDL) (sub=0): gcc  -gstrict-dwarf -O2 -fPIC -Wall -Wsign-compare -Wfloat-equal -Wpointer-arith -Wcast-align -Wall -Werror _mkltmpglI6pK.c -o _mkltmpglI6pK.c.o   -ldl -lpthread
DBG 78384: Setting libdl (libdl) status to ok (action disable)
DBG 78384: libdl: from lib_check: LIBS: prepend -ldl
DBG 78384: zlib: Check for static library (libs -lz, arfile variable STATIC_LIB_zlib=, static filenames libz.a)
DBG 78384: Compile check zlib (WITH_ZLIB) (sub=0): gcc  -gstrict-dwarf -O2 -fPIC -Wall -Wsign-compare -Wfloat-equal -Wpointer-arith -Wcast-align -Wall -Werror _mkltmpV6MGYR.c -o _mkltmpV6MGYR.c.o   -lz -ldl -lpthread
DBG 78384: Setting zlib (zlib) status to ok (action disable)
DBG 78384: zlib: from lib_check: LIBS: prepend -lz
DBG 78384: libm: Check for static library (libs -lm, arfile variable STATIC_LIB_libm=, static filenames )
DBG 78384: Compile check libm () (sub=0): gcc  -gstrict-dwarf -O2 -fPIC -Wall -Wsign-compare -Wfloat-equal -Wpointer-arith -Wcast-align -Wall -Werror _mkltmpVcidFV.c -o _mkltmpVcidFV.c.o   -lm -lz -ldl -lpthread
DBG 78384: Setting libm (libm) status to ok (action disable)
DBG 78384: libm: from lib_check: LIBS: prepend -lm
DBG 78384: Compile check syslog (WITH_SYSLOG) (sub=0): gcc  -gstrict-dwarf -O2 -fPIC -Wall -Wsign-compare -Wfloat-equal -Wpointer-arith -Wcast-align -Wall -Werror _mkltmpnuEXZe.c -o _mkltmpnuEXZe.c.o    -lm -lz -ldl -lpthread
DBG 78384: Setting syslog (syslog) status to ok (action disable)
DBG 78384: Compile check rapidjson (WITH_RAPIDJSON) (sub=0): g++  -gstrict-dwarf -O2 -fPIC -Wall -Wsign-compare -Wfloat-equal -Wpointer-arith -Wcast-align -Wall -Werror _mkltmpUnD02s.cpp -o _mkltmpUnD02s.cpp.o    -lm -lz -ldl -lpthread
DBG 78384: compile check for rapidjson (WITH_RAPIDJSON) failed: g++  -gstrict-dwarf -O2 -fPIC -Wall -Wsign-compare -Wfloat-equal -Wpointer-arith -Wcast-align -Wall -Werror _mkltmpUnD02s.cpp -o _mkltmpUnD02s.cpp.o    -lm -lz -ldl -lpthread: _mkltmpUnD02s.cpp:1:10: fatal error: 'rapidjson/schema.h' file not found
    1 | #include <rapidjson/schema.h>
      |          ^~~~~~~~~~~~~~~~~~~~
1 error generated.
DBG 78384: Setting rapidjson (rapidjson) status to failed (action disable)
DBG 78384: Check rapidjson (WITH_RAPIDJSON, action disable (originally disable)) failed: compile check failed:
CC: CXX
flags: 
g++  -gstrict-dwarf -O2 -fPIC -Wall -Wsign-compare -Wfloat-equal -Wpointer-arith -Wcast-align -Wall -Werror _mkltmpUnD02s.cpp -o _mkltmpUnD02s.cpp.o    -lm -lz -ldl -lpthread:
_mkltmpUnD02s.cpp:1:10: fatal error: 'rapidjson/schema.h' file not found
    1 | #include <rapidjson/schema.h>
      |          ^~~~~~~~~~~~~~~~~~~~
1 error generated.
source: #include <rapidjson/schema.h>
DBG 78384: Compile check crc32chw (WITH_CRC32C_HW) (sub=0): gcc  -gstrict-dwarf -O2 -fPIC -Wall -Wsign-compare -Wfloat-equal -Wpointer-arith -Wcast-align -Wall -Werror _mkltmpwU8vDe.c -o _mkltmpwU8vDe.c.o    -lm -lz -ldl -lpthread
DBG 78384: compile check for crc32chw (WITH_CRC32C_HW) failed: gcc  -gstrict-dwarf -O2 -fPIC -Wall -Wsign-compare -Wfloat-equal -Wpointer-arith -Wcast-align -Wall -Werror _mkltmpwU8vDe.c -o _mkltmpwU8vDe.c.o    -lm -lz -ldl -lpthread: _mkltmpwU8vDe.c:12:14: error: invalid output constraint '=c' in asm
   12 |            : "=c"(ecx)
      |              ^
1 error generated.
DBG 78384: Setting crc32chw (crc32chw) status to failed (action disable)
DBG 78384: Check crc32chw (WITH_CRC32C_HW, action disable (originally disable)) failed: compile check failed:
CC: CC
flags: 
gcc  -gstrict-dwarf -O2 -fPIC -Wall -Wsign-compare -Wfloat-equal -Wpointer-arith -Wcast-align -Wall -Werror _mkltmpwU8vDe.c -o _mkltmpwU8vDe.c.o    -lm -lz -ldl -lpthread:
_mkltmpwU8vDe.c:12:14: error: invalid output constraint '=c' in asm
   12 |            : "=c"(ecx)
      |              ^
1 error generated.
source: 
#include <inttypes.h>
#include <stdio.h>
#define LONGx1 "8192"
#define LONGx2 "16384"
void foo (void) {
   const char *n = "abcdefghijklmnopqrstuvwxyz0123456789";
   uint64_t c0 = 0, c1 = 1, c2 = 2;
   uint64_t s;
   uint32_t eax = 1, ecx;
   __asm__("cpuid"
           : "=c"(ecx)
           : "a"(eax)
           : "%ebx", "%edx");
   __asm__("crc32b\t" "(%1), %0"
           : "=r"(c0)
           : "r"(n), "0"(c0));
   __asm__("crc32q\t" "(%3), %0\n\t"
           "crc32q\t" LONGx1 "(%3), %1\n\t"
           "crc32q\t" LONGx2 "(%3), %2"
           : "=r"(c0), "=r"(c1), "=r"(c2)
           : "r"(n), "0"(c0), "1"(c1), "2"(c2));
  s = c0 + c1 + c2;
  printf("avoiding unused code removal by printing %d, %d, %d\n", (int)s, (int)eax, (int)ecx);
}

DBG 78384: Compile check regex (HAVE_REGEX) (sub=0): gcc  -gstrict-dwarf -O2 -fPIC -Wall -Wsign-compare -Wfloat-equal -Wpointer-arith -Wcast-align -Wall -Werror _mkltmpDnTI1Y.c -o _mkltmpDnTI1Y.c.o    -lm -lz -ldl -lpthread
DBG 78384: Setting regex (regex) status to ok (action disable)
DBG 78384: Compile check rand_r (HAVE_RAND_R) (sub=0): gcc  -gstrict-dwarf -O2 -fPIC -Wall -Wsign-compare -Wfloat-equal -Wpointer-arith -Wcast-align -Wall -Werror _mkltmpIgvHDb.c -o _mkltmpIgvHDb.c.o    -lm -lz -ldl -lpthread
DBG 78384: Setting rand_r (rand_r) status to ok (action disable)
DBG 78384: Compile check strndup (HAVE_STRNDUP) (sub=0): gcc  -gstrict-dwarf -O2 -fPIC -Wall -Wsign-compare -Wfloat-equal -Wpointer-arith -Wcast-align -Wall -Werror _mkltmpDGfbVQ.c -o _mkltmpDGfbVQ.c.o    -lm -lz -ldl -lpthread
DBG 78384: Setting strndup (strndup) status to ok (action disable)
DBG 78384: Compile check strlcpy (HAVE_STRLCPY) (sub=0): gcc  -gstrict-dwarf -O2 -fPIC -Wall -Wsign-compare -Wfloat-equal -Wpointer-arith -Wcast-align -Wall -Werror _mkltmpY1Ek5T.c -o _mkltmpY1Ek5T.c.o    -lm -lz -ldl -lpthread
DBG 78384: Setting strlcpy (strlcpy) status to ok (action disable)
DBG 78384: Compile check strerror_r (HAVE_STRERROR_R) (sub=0): gcc  -gstrict-dwarf -O2 -fPIC -Wall -Wsign-compare -Wfloat-equal -Wpointer-arith -Wcast-align -Wall -Werror _mkltmpz5jcTT.c -o _mkltmpz5jcTT.c.o    -lm -lz -ldl -lpthread
DBG 78384: Setting strerror_r (strerror_r) status to ok (action disable)
DBG 78384: Compile check strcasestr (HAVE_STRCASESTR) (sub=0): gcc  -gstrict-dwarf -O2 -fPIC -Wall -Wsign-compare -Wfloat-equal -Wpointer-arith -Wcast-align -Wall -Werror _mkltmpEjThBR.c -o _mkltmpEjThBR.c.o    -lm -lz -ldl -lpthread
DBG 78384: Setting strcasestr (strcasestr) status to ok (action disable)
DBG 78384: Compile check pthread_setname_gnu (HAVE_PTHREAD_SETNAME_GNU) (sub=0): gcc  -gstrict-dwarf -O2 -fPIC -Wall -Wsign-compare -Wfloat-equal -Wpointer-arith -Wcast-align -Wall -Werror _mkltmpVjeyql.c -o _mkltmpVjeyql.c.o   -D_GNU_SOURCE -lpthread -lm -lz -ldl -lpthread
DBG 78384: compile check for pthread_setname_gnu (HAVE_PTHREAD_SETNAME_GNU) failed: gcc  -gstrict-dwarf -O2 -fPIC -Wall -Wsign-compare -Wfloat-equal -Wpointer-arith -Wcast-align -Wall -Werror _mkltmpVjeyql.c -o _mkltmpVjeyql.c.o   -D_GNU_SOURCE -lpthread -lm -lz -ldl -lpthread: _mkltmpVjeyql.c:5:38: error: too many arguments to function call, expected 1, have 2
    5 |   pthread_setname_np(pthread_self(), "abc");
      |   ~~~~~~~~~~~~~~~~~~                 ^~~~~
/Library/Developer/CommandLineTools/SDKs/MacOSX.sdk/usr/include/pthread.h:535:5: note: 'pthread_setname_np' declared here
  535 | int     pthread_setname_np(const char*);
      |         ^                  ~~~~~~~~~~~
1 error generated.
DBG 78384: Setting pthread_setname_gnu (pthread_setname_gnu) status to failed (action disable)
DBG 78384: Check pthread_setname_gnu (HAVE_PTHREAD_SETNAME_GNU, action disable (originally disable)) failed: compile check failed:
CC: CC
flags: -D_GNU_SOURCE -lpthread
gcc  -gstrict-dwarf -O2 -fPIC -Wall -Wsign-compare -Wfloat-equal -Wpointer-arith -Wcast-align -Wall -Werror _mkltmpVjeyql.c -o _mkltmpVjeyql.c.o   -D_GNU_SOURCE -lpthread -lm -lz -ldl -lpthread:
_mkltmpVjeyql.c:5:38: error: too many arguments to function call, expected 1, have 2
    5 |   pthread_setname_np(pthread_self(), "abc");
      |   ~~~~~~~~~~~~~~~~~~                 ^~~~~
/Library/Developer/CommandLineTools/SDKs/MacOSX.sdk/usr/include/pthread.h:535:5: note: 'pthread_setname_np' declared here
  535 | int     pthread_setname_np(const char*);
      |         ^                  ~~~~~~~~~~~
1 error generated.
source: 
#include <pthread.h>

void foo (void) {
  pthread_setname_np(pthread_self(), "abc");
}

DBG 78384: Compile check pthread_setname_darwin (HAVE_PTHREAD_SETNAME_DARWIN) (sub=0): gcc  -gstrict-dwarf -O2 -fPIC -Wall -Wsign-compare -Wfloat-equal -Wpointer-arith -Wcast-align -Wall -Werror _mkltmpSEFywV.c -o _mkltmpSEFywV.c.o   -D_DARWIN_C_SOURCE -lpthread -lm -lz -ldl -lpthread
DBG 78384: Setting pthread_setname_darwin (pthread_setname_darwin) status to ok (action disable)
DBG 78384: Setting nm (nm) status to ok (action cont)
DBG 78384: Compile check getrusage (HAVE_GETRUSAGE) (sub=0): gcc  -gstrict-dwarf -O2 -fPIC -Wall -Wsign-compare -Wfloat-equal -Wpointer-arith -Wcast-align -Wall -Werror _mkltmpI7zKOw.c -o _mkltmpI7zKOw.c.o    -lm -lz -ldl -lpthread
DBG 78384: Setting getrusage (getrusage) status to ok (action disable)
